<?xml version="1.0" encoding="UTF-8"?>
<!-- Generated by org.testng.reporters.JUnitReportReporter -->
<testsuite hostname="shree-PC" name="com.githubJenkins.GitJen.GithubJenkinsClass" tests="1" failures="0" timestamp="17 Aug 2016 09:08:54 GMT" time="57.376" errors="0">
  <testcase name="DynamicElements" time="57.376" classname="com.githubJenkins.GitJen.GithubJenkinsClass"/>
</testsuite> <!-- com.githubJenkins.GitJen.GithubJenkinsClass -->
